cc40/5
++40/5
sss-8.0
cc1-2*((60-30+-8.0*(9-2*5/3+7/3*99/4*2998+10*568/14))-(-4*3)/(16-3*2))
cc5680.0/14
++173140.1666666667+405.7142857142857
sss173545.88095238098
cc1-2*((60-30+-8.0*173545.88095238098)-(-4*3)/(16-3*2))
cc8.0*173545.88095238098
cc40/5
++40/5
sss-8.0
cc1-2*((60-30+-8.0*(9-2*5/3+7/3*99/4*2998+10*568/14))-(-4*3)/(16-3*2))
cc5680.0/14
++173140.1666666667+405.7142857142857
sss173545.88095238098
cc1-2*((60-30+-8.0*173545.88095238098)-(-4*3)/(16-3*2))
cc8.0*173545.88095238098
cc1-2*((60-30+-8.0*(9-2*5/3+7/3*99/4*2998+10*568/14))-(-4*3)/(16-3*2))
cc1-2*((60-30+-8.0*173545.88095238098)-(-4*3)/(16-3*2))
ssssssss1-2*((60-30+-8.0*(9-2*5/3+7/3*99/4*2998+10*568/14))-(-4*3)/(16-3*2))
ssssssss1-2*((60-30+-8.0*173545.88095238098)-(-4*3)/(16-3*2))
ssssssss1-2*((60-30+-8.0*(9-2*5/3+7/3*99/4*2998+10*568/14))-(-4*3)/(16-3*2))
ssssssss1-2*((60-30+-8.0*173545.88095238098)-(-4*3)/(16-3*2))
ssssssss1-2*((60-30+-8.0*(9-2*5/3+7/3*99/4*2998+10*568/14))-(-4*3)/(16-3*2))
ssssssss1-2*((60-30+-8.0*173545.88095238098)-(-4*3)/(16-3*2))
ssssssss1-2*((60-30+-8.0*(9-2*5/3+7/3*99/4*2998+10*568/14))-(-4*3)/(16-3*2))
ssssssss1-2*((60-30+-8.0*173545.88095238098)-(-4*3)/(16-3*2))
